..\char-server.ilk
..\char-server.pdb
E:\RAGNAROK FILES\SERVER\CHAR-SERVER.EXE
E:\RAGNAROK FILES\SERVER\CHAR-SERVER.ILK
E:\RAGNAROK FILES\SERVER\CHAR-SERVER.PDB
E:\Ragnarok Files\server\vcproj-10\..\char-server.exe
E:\Ragnarok Files\server\vcproj-10\char-server\Debug\char.obj
E:\Ragnarok Files\server\vcproj-10\char-server\Debug\char_clif.obj
E:\Ragnarok Files\server\vcproj-10\char-server\Debug\char_cnslif.obj
E:\Ragnarok Files\server\vcproj-10\char-server\Debug\char_logif.obj
E:\Ragnarok Files\server\vcproj-10\char-server\Debug\char_mapif.obj
E:\RAGNAROK FILES\SERVER\VCPROJ-10\CHAR-SERVER\DEBUG\CHAR-SERVER.EXE.EMBED.MANIFEST
E:\RAGNAROK FILES\SERVER\VCPROJ-10\CHAR-SERVER\DEBUG\CHAR-SERVER.EXE.EMBED.MANIFEST.RES
E:\RAGNAROK FILES\SERVER\VCPROJ-10\CHAR-SERVER\DEBUG\CHAR-SERVER.EXE.INTERMEDIATE.MANIFEST
E:\Ragnarok Files\server\vcproj-10\char-server\Debug\char-server_manifest.rc
E:\Ragnarok Files\server\vcproj-10\char-server\Debug\CL.4556.read.1.tlog
E:\Ragnarok Files\server\vcproj-10\char-server\Debug\CL.4556.write.1.tlog
E:\Ragnarok Files\server\vcproj-10\char-server\Debug\CL.5176.read.1.tlog
E:\Ragnarok Files\server\vcproj-10\char-server\Debug\CL.5176.write.1.tlog
E:\Ragnarok Files\server\vcproj-10\char-server\Debug\CL.5192.read.1.tlog
E:\Ragnarok Files\server\vcproj-10\char-server\Debug\CL.5192.write.1.tlog
E:\Ragnarok Files\server\vcproj-10\char-server\Debug\CL.6020.read.1.tlog
E:\Ragnarok Files\server\vcproj-10\char-server\Debug\CL.6020.write.1.tlog
E:\Ragnarok Files\server\vcproj-10\char-server\Debug\cl.command.1.tlog
E:\Ragnarok Files\server\vcproj-10\char-server\Debug\CL.read.1.tlog
E:\Ragnarok Files\server\vcproj-10\char-server\Debug\cl.write.1.tlog
E:\Ragnarok Files\server\vcproj-10\char-server\Debug\cli.obj
E:\Ragnarok Files\server\vcproj-10\char-server\Debug\conf.obj
E:\Ragnarok Files\server\vcproj-10\char-server\Debug\core.obj
E:\Ragnarok Files\server\vcproj-10\char-server\Debug\db.obj
E:\Ragnarok Files\server\vcproj-10\char-server\Debug\ers.obj
E:\Ragnarok Files\server\vcproj-10\char-server\Debug\grammar.obj
E:\Ragnarok Files\server\vcproj-10\char-server\Debug\int_auction.obj
E:\Ragnarok Files\server\vcproj-10\char-server\Debug\int_elemental.obj
E:\Ragnarok Files\server\vcproj-10\char-server\Debug\int_guild.obj
E:\Ragnarok Files\server\vcproj-10\char-server\Debug\int_homun.obj
E:\Ragnarok Files\server\vcproj-10\char-server\Debug\int_mail.obj
E:\Ragnarok Files\server\vcproj-10\char-server\Debug\int_mercenary.obj
E:\Ragnarok Files\server\vcproj-10\char-server\Debug\int_party.obj
E:\Ragnarok Files\server\vcproj-10\char-server\Debug\int_pet.obj
E:\Ragnarok Files\server\vcproj-10\char-server\Debug\int_quest.obj
E:\Ragnarok Files\server\vcproj-10\char-server\Debug\int_storage.obj
E:\Ragnarok Files\server\vcproj-10\char-server\Debug\inter.obj
E:\Ragnarok Files\server\vcproj-10\char-server\Debug\libconfig.obj
E:\Ragnarok Files\server\vcproj-10\char-server\Debug\link.4756.read.1.tlog
E:\Ragnarok Files\server\vcproj-10\char-server\Debug\link.4756.write.1.tlog
E:\Ragnarok Files\server\vcproj-10\char-server\Debug\link.4756-cvtres.read.1.tlog
E:\Ragnarok Files\server\vcproj-10\char-server\Debug\link.4756-cvtres.write.1.tlog
E:\Ragnarok Files\server\vcproj-10\char-server\Debug\link.command.1.tlog
E:\Ragnarok Files\server\vcproj-10\char-server\Debug\link.read.1.tlog
E:\Ragnarok Files\server\vcproj-10\char-server\Debug\link.write.1.tlog
E:\Ragnarok Files\server\vcproj-10\char-server\Debug\link-cvtres.read.1.tlog
E:\Ragnarok Files\server\vcproj-10\char-server\Debug\link-cvtres.write.1.tlog
E:\Ragnarok Files\server\vcproj-10\char-server\Debug\malloc.obj
E:\Ragnarok Files\server\vcproj-10\char-server\Debug\mapindex.obj
E:\Ragnarok Files\server\vcproj-10\char-server\Debug\mempool.obj
E:\Ragnarok Files\server\vcproj-10\char-server\Debug\msg_conf.obj
E:\Ragnarok Files\server\vcproj-10\char-server\Debug\mt.command.1.tlog
E:\Ragnarok Files\server\vcproj-10\char-server\Debug\mt.read.1.tlog
E:\Ragnarok Files\server\vcproj-10\char-server\Debug\mt.write.1.tlog
E:\Ragnarok Files\server\vcproj-10\char-server\Debug\mt19937ar.obj
E:\Ragnarok Files\server\vcproj-10\char-server\Debug\mutex.obj
E:\Ragnarok Files\server\vcproj-10\char-server\Debug\nullpo.obj
E:\Ragnarok Files\server\vcproj-10\char-server\Debug\raconf.obj
E:\Ragnarok Files\server\vcproj-10\char-server\Debug\random.obj
E:\Ragnarok Files\server\vcproj-10\char-server\Debug\rc.command.1.tlog
E:\Ragnarok Files\server\vcproj-10\char-server\Debug\rc.read.1.tlog
E:\Ragnarok Files\server\vcproj-10\char-server\Debug\rc.write.1.tlog
E:\Ragnarok Files\server\vcproj-10\char-server\Debug\scanctx.obj
E:\Ragnarok Files\server\vcproj-10\char-server\Debug\scanner.obj
E:\Ragnarok Files\server\vcproj-10\char-server\Debug\showmsg.obj
E:\Ragnarok Files\server\vcproj-10\char-server\Debug\socket.obj
E:\Ragnarok Files\server\vcproj-10\char-server\Debug\sql.obj
E:\Ragnarok Files\server\vcproj-10\char-server\Debug\strbuf.obj
E:\Ragnarok Files\server\vcproj-10\char-server\Debug\strlib.obj
E:\Ragnarok Files\server\vcproj-10\char-server\Debug\thread.obj
E:\Ragnarok Files\server\vcproj-10\char-server\Debug\timer.obj
E:\Ragnarok Files\server\vcproj-10\char-server\Debug\utils.obj
E:\Ragnarok Files\server\vcproj-10\char-server\Debug\vc100.idb
E:\RAGNAROK FILES\SERVER\VCPROJ-10\CHAR-SERVER\DEBUG\VC100.PDB
