..\mapcache.ilk
..\mapcache.pdb
E:\Ragnarok Files\server\vcproj-10\..\mapcache.exe
E:\Ragnarok Files\server\vcproj-10\mapcache\Debug\CL.2440.read.1.tlog
E:\Ragnarok Files\server\vcproj-10\mapcache\Debug\CL.2440.write.1.tlog
E:\Ragnarok Files\server\vcproj-10\mapcache\Debug\CL.4672.read.1.tlog
E:\Ragnarok Files\server\vcproj-10\mapcache\Debug\CL.4672.write.1.tlog
E:\Ragnarok Files\server\vcproj-10\mapcache\Debug\CL.5184.read.1.tlog
E:\Ragnarok Files\server\vcproj-10\mapcache\Debug\CL.5184.write.1.tlog
E:\Ragnarok Files\server\vcproj-10\mapcache\Debug\CL.5588.read.1.tlog
E:\Ragnarok Files\server\vcproj-10\mapcache\Debug\CL.5588.write.1.tlog
E:\Ragnarok Files\server\vcproj-10\mapcache\Debug\cl.command.1.tlog
E:\Ragnarok Files\server\vcproj-10\mapcache\Debug\CL.read.1.tlog
E:\Ragnarok Files\server\vcproj-10\mapcache\Debug\cl.write.1.tlog
E:\Ragnarok Files\server\vcproj-10\mapcache\Debug\core.obj
E:\Ragnarok Files\server\vcproj-10\mapcache\Debug\des.obj
E:\Ragnarok Files\server\vcproj-10\mapcache\Debug\grfio.obj
E:\Ragnarok Files\server\vcproj-10\mapcache\Debug\link.command.1.tlog
E:\Ragnarok Files\server\vcproj-10\mapcache\Debug\link.read.1.tlog
E:\Ragnarok Files\server\vcproj-10\mapcache\Debug\link.write.1.tlog
E:\Ragnarok Files\server\vcproj-10\mapcache\Debug\link-cvtres.read.1.tlog
E:\Ragnarok Files\server\vcproj-10\mapcache\Debug\link-cvtres.write.1.tlog
E:\Ragnarok Files\server\vcproj-10\mapcache\Debug\malloc.obj
E:\RAGNAROK FILES\SERVER\VCPROJ-10\MAPCACHE\DEBUG\MAPCACHE.EXE.EMBED.MANIFEST
E:\RAGNAROK FILES\SERVER\VCPROJ-10\MAPCACHE\DEBUG\MAPCACHE.EXE.EMBED.MANIFEST.RES
E:\Ragnarok Files\server\vcproj-10\mapcache\Debug\mapcache.exe.intermediate.manifest
E:\Ragnarok Files\server\vcproj-10\mapcache\Debug\mapcache.obj
E:\Ragnarok Files\server\vcproj-10\mapcache\Debug\mapcache_manifest.rc
E:\Ragnarok Files\server\vcproj-10\mapcache\Debug\mt.command.1.tlog
E:\Ragnarok Files\server\vcproj-10\mapcache\Debug\mt.read.1.tlog
E:\Ragnarok Files\server\vcproj-10\mapcache\Debug\mt.write.1.tlog
E:\Ragnarok Files\server\vcproj-10\mapcache\Debug\rc.command.1.tlog
E:\Ragnarok Files\server\vcproj-10\mapcache\Debug\rc.read.1.tlog
E:\Ragnarok Files\server\vcproj-10\mapcache\Debug\rc.write.1.tlog
E:\Ragnarok Files\server\vcproj-10\mapcache\Debug\showmsg.obj
E:\Ragnarok Files\server\vcproj-10\mapcache\Debug\strlib.obj
E:\Ragnarok Files\server\vcproj-10\mapcache\Debug\utils.obj
E:\Ragnarok Files\server\vcproj-10\mapcache\Debug\vc100.idb
E:\RAGNAROK FILES\SERVER\VCPROJ-10\MAPCACHE\DEBUG\VC100.PDB
