..\map-server.ilk
..\map-server.pdb
E:\RAGNAROK FILES\SERVER\MAP-SERVER.EXE
E:\RAGNAROK FILES\SERVER\MAP-SERVER.ILK
E:\RAGNAROK FILES\SERVER\MAP-SERVER.PDB
E:\Ragnarok Files\server\vcproj-10\..\map-server.exe
E:\Ragnarok Files\server\vcproj-10\map-server\Debug\atcommand.obj
E:\Ragnarok Files\server\vcproj-10\map-server\Debug\battle.obj
E:\Ragnarok Files\server\vcproj-10\map-server\Debug\battleground.obj
E:\Ragnarok Files\server\vcproj-10\map-server\Debug\buyingstore.obj
E:\Ragnarok Files\server\vcproj-10\map-server\Debug\cashshop.obj
E:\Ragnarok Files\server\vcproj-10\map-server\Debug\channel.obj
E:\Ragnarok Files\server\vcproj-10\map-server\Debug\chat.obj
E:\Ragnarok Files\server\vcproj-10\map-server\Debug\chrif.obj
E:\Ragnarok Files\server\vcproj-10\map-server\Debug\CL.2700.read.1.tlog
E:\Ragnarok Files\server\vcproj-10\map-server\Debug\CL.2700.write.1.tlog
E:\Ragnarok Files\server\vcproj-10\map-server\Debug\CL.3816.read.1.tlog
E:\Ragnarok Files\server\vcproj-10\map-server\Debug\CL.3816.write.1.tlog
E:\Ragnarok Files\server\vcproj-10\map-server\Debug\CL.4512.read.1.tlog
E:\Ragnarok Files\server\vcproj-10\map-server\Debug\CL.4512.write.1.tlog
E:\Ragnarok Files\server\vcproj-10\map-server\Debug\CL.4572.read.1.tlog
E:\Ragnarok Files\server\vcproj-10\map-server\Debug\CL.4572.write.1.tlog
E:\Ragnarok Files\server\vcproj-10\map-server\Debug\cl.command.1.tlog
E:\Ragnarok Files\server\vcproj-10\map-server\Debug\CL.read.1.tlog
E:\Ragnarok Files\server\vcproj-10\map-server\Debug\cl.write.1.tlog
E:\Ragnarok Files\server\vcproj-10\map-server\Debug\cli.obj
E:\Ragnarok Files\server\vcproj-10\map-server\Debug\clif.obj
E:\Ragnarok Files\server\vcproj-10\map-server\Debug\conf.obj
E:\Ragnarok Files\server\vcproj-10\map-server\Debug\core.obj
E:\Ragnarok Files\server\vcproj-10\map-server\Debug\date.obj
E:\Ragnarok Files\server\vcproj-10\map-server\Debug\db.obj
E:\Ragnarok Files\server\vcproj-10\map-server\Debug\des.obj
E:\Ragnarok Files\server\vcproj-10\map-server\Debug\duel.obj
E:\Ragnarok Files\server\vcproj-10\map-server\Debug\elemental.obj
E:\Ragnarok Files\server\vcproj-10\map-server\Debug\ers.obj
E:\Ragnarok Files\server\vcproj-10\map-server\Debug\grammar.obj
E:\Ragnarok Files\server\vcproj-10\map-server\Debug\grfio.obj
E:\Ragnarok Files\server\vcproj-10\map-server\Debug\guild.obj
E:\Ragnarok Files\server\vcproj-10\map-server\Debug\homunculus.obj
E:\Ragnarok Files\server\vcproj-10\map-server\Debug\instance.obj
E:\Ragnarok Files\server\vcproj-10\map-server\Debug\intif.obj
E:\Ragnarok Files\server\vcproj-10\map-server\Debug\itemdb.obj
E:\Ragnarok Files\server\vcproj-10\map-server\Debug\libconfig.obj
E:\Ragnarok Files\server\vcproj-10\map-server\Debug\link.4316.read.1.tlog
E:\Ragnarok Files\server\vcproj-10\map-server\Debug\link.4316.write.1.tlog
E:\Ragnarok Files\server\vcproj-10\map-server\Debug\link.4316-cvtres.read.1.tlog
E:\Ragnarok Files\server\vcproj-10\map-server\Debug\link.4316-cvtres.write.1.tlog
E:\Ragnarok Files\server\vcproj-10\map-server\Debug\link.command.1.tlog
E:\Ragnarok Files\server\vcproj-10\map-server\Debug\link.read.1.tlog
E:\Ragnarok Files\server\vcproj-10\map-server\Debug\link.write.1.tlog
E:\Ragnarok Files\server\vcproj-10\map-server\Debug\link-cvtres.read.1.tlog
E:\Ragnarok Files\server\vcproj-10\map-server\Debug\link-cvtres.write.1.tlog
E:\Ragnarok Files\server\vcproj-10\map-server\Debug\log.obj
E:\Ragnarok Files\server\vcproj-10\map-server\Debug\mail.obj
E:\Ragnarok Files\server\vcproj-10\map-server\Debug\malloc.obj
E:\Ragnarok Files\server\vcproj-10\map-server\Debug\map.obj
E:\Ragnarok Files\server\vcproj-10\map-server\Debug\mapindex.obj
E:\Ragnarok Files\server\vcproj-10\map-server\Debug\mapreg.obj
E:\RAGNAROK FILES\SERVER\VCPROJ-10\MAP-SERVER\DEBUG\MAP-SERVER.EXE.EMBED.MANIFEST
E:\RAGNAROK FILES\SERVER\VCPROJ-10\MAP-SERVER\DEBUG\MAP-SERVER.EXE.EMBED.MANIFEST.RES
E:\RAGNAROK FILES\SERVER\VCPROJ-10\MAP-SERVER\DEBUG\MAP-SERVER.EXE.INTERMEDIATE.MANIFEST
E:\Ragnarok Files\server\vcproj-10\map-server\Debug\map-server_manifest.rc
E:\Ragnarok Files\server\vcproj-10\map-server\Debug\md5calc.obj
E:\Ragnarok Files\server\vcproj-10\map-server\Debug\mempool.obj
E:\Ragnarok Files\server\vcproj-10\map-server\Debug\mercenary.obj
E:\Ragnarok Files\server\vcproj-10\map-server\Debug\mob.obj
E:\Ragnarok Files\server\vcproj-10\map-server\Debug\msg_conf.obj
E:\Ragnarok Files\server\vcproj-10\map-server\Debug\mt.command.1.tlog
E:\Ragnarok Files\server\vcproj-10\map-server\Debug\mt.read.1.tlog
E:\Ragnarok Files\server\vcproj-10\map-server\Debug\mt.write.1.tlog
E:\Ragnarok Files\server\vcproj-10\map-server\Debug\mt19937ar.obj
E:\Ragnarok Files\server\vcproj-10\map-server\Debug\mutex.obj
E:\Ragnarok Files\server\vcproj-10\map-server\Debug\npc.obj
E:\Ragnarok Files\server\vcproj-10\map-server\Debug\npc_chat.obj
E:\Ragnarok Files\server\vcproj-10\map-server\Debug\nullpo.obj
E:\Ragnarok Files\server\vcproj-10\map-server\Debug\party.obj
E:\Ragnarok Files\server\vcproj-10\map-server\Debug\path.obj
E:\Ragnarok Files\server\vcproj-10\map-server\Debug\pc.obj
E:\Ragnarok Files\server\vcproj-10\map-server\Debug\pc_groups.obj
E:\Ragnarok Files\server\vcproj-10\map-server\Debug\pet.obj
E:\Ragnarok Files\server\vcproj-10\map-server\Debug\quest.obj
E:\Ragnarok Files\server\vcproj-10\map-server\Debug\raconf.obj
E:\Ragnarok Files\server\vcproj-10\map-server\Debug\random.obj
E:\Ragnarok Files\server\vcproj-10\map-server\Debug\rc.command.1.tlog
E:\Ragnarok Files\server\vcproj-10\map-server\Debug\rc.read.1.tlog
E:\Ragnarok Files\server\vcproj-10\map-server\Debug\rc.write.1.tlog
E:\Ragnarok Files\server\vcproj-10\map-server\Debug\scanctx.obj
E:\Ragnarok Files\server\vcproj-10\map-server\Debug\scanner.obj
E:\Ragnarok Files\server\vcproj-10\map-server\Debug\script.obj
E:\Ragnarok Files\server\vcproj-10\map-server\Debug\searchstore.obj
E:\Ragnarok Files\server\vcproj-10\map-server\Debug\showmsg.obj
E:\Ragnarok Files\server\vcproj-10\map-server\Debug\skill.obj
E:\Ragnarok Files\server\vcproj-10\map-server\Debug\socket.obj
E:\Ragnarok Files\server\vcproj-10\map-server\Debug\sql.obj
E:\Ragnarok Files\server\vcproj-10\map-server\Debug\status.obj
E:\Ragnarok Files\server\vcproj-10\map-server\Debug\storage.obj
E:\Ragnarok Files\server\vcproj-10\map-server\Debug\strbuf.obj
E:\Ragnarok Files\server\vcproj-10\map-server\Debug\strlib.obj
E:\Ragnarok Files\server\vcproj-10\map-server\Debug\thread.obj
E:\Ragnarok Files\server\vcproj-10\map-server\Debug\timer.obj
E:\Ragnarok Files\server\vcproj-10\map-server\Debug\trade.obj
E:\Ragnarok Files\server\vcproj-10\map-server\Debug\unit.obj
E:\Ragnarok Files\server\vcproj-10\map-server\Debug\utils.obj
E:\Ragnarok Files\server\vcproj-10\map-server\Debug\vc100.idb
E:\RAGNAROK FILES\SERVER\VCPROJ-10\MAP-SERVER\DEBUG\VC100.PDB
E:\Ragnarok Files\server\vcproj-10\map-server\Debug\vending.obj
