..\login-server.ilk
..\login-server.pdb
E:\RAGNAROK FILES\SERVER\LOGIN-SERVER.EXE
E:\RAGNAROK FILES\SERVER\LOGIN-SERVER.ILK
E:\RAGNAROK FILES\SERVER\LOGIN-SERVER.PDB
E:\Ragnarok Files\server\vcproj-10\..\login-server.exe
E:\Ragnarok Files\server\vcproj-10\login-server\Debug\account.obj
E:\Ragnarok Files\server\vcproj-10\login-server\Debug\CL.3916.read.1.tlog
E:\Ragnarok Files\server\vcproj-10\login-server\Debug\CL.3916.write.1.tlog
E:\Ragnarok Files\server\vcproj-10\login-server\Debug\CL.4256.read.1.tlog
E:\Ragnarok Files\server\vcproj-10\login-server\Debug\CL.4256.write.1.tlog
E:\Ragnarok Files\server\vcproj-10\login-server\Debug\CL.4496.read.1.tlog
E:\Ragnarok Files\server\vcproj-10\login-server\Debug\CL.4496.write.1.tlog
E:\Ragnarok Files\server\vcproj-10\login-server\Debug\CL.4780.read.1.tlog
E:\Ragnarok Files\server\vcproj-10\login-server\Debug\CL.4780.write.1.tlog
E:\Ragnarok Files\server\vcproj-10\login-server\Debug\cl.command.1.tlog
E:\Ragnarok Files\server\vcproj-10\login-server\Debug\CL.read.1.tlog
E:\Ragnarok Files\server\vcproj-10\login-server\Debug\cl.write.1.tlog
E:\Ragnarok Files\server\vcproj-10\login-server\Debug\cli.obj
E:\Ragnarok Files\server\vcproj-10\login-server\Debug\conf.obj
E:\Ragnarok Files\server\vcproj-10\login-server\Debug\core.obj
E:\Ragnarok Files\server\vcproj-10\login-server\Debug\db.obj
E:\Ragnarok Files\server\vcproj-10\login-server\Debug\ers.obj
E:\Ragnarok Files\server\vcproj-10\login-server\Debug\grammar.obj
E:\Ragnarok Files\server\vcproj-10\login-server\Debug\ipban.obj
E:\Ragnarok Files\server\vcproj-10\login-server\Debug\libconfig.obj
E:\Ragnarok Files\server\vcproj-10\login-server\Debug\link.5620.read.1.tlog
E:\Ragnarok Files\server\vcproj-10\login-server\Debug\link.5620.write.1.tlog
E:\Ragnarok Files\server\vcproj-10\login-server\Debug\link.5620-cvtres.read.1.tlog
E:\Ragnarok Files\server\vcproj-10\login-server\Debug\link.5620-cvtres.write.1.tlog
E:\Ragnarok Files\server\vcproj-10\login-server\Debug\link.command.1.tlog
E:\Ragnarok Files\server\vcproj-10\login-server\Debug\link.read.1.tlog
E:\Ragnarok Files\server\vcproj-10\login-server\Debug\link.write.1.tlog
E:\Ragnarok Files\server\vcproj-10\login-server\Debug\link-cvtres.read.1.tlog
E:\Ragnarok Files\server\vcproj-10\login-server\Debug\link-cvtres.write.1.tlog
E:\Ragnarok Files\server\vcproj-10\login-server\Debug\login.obj
E:\Ragnarok Files\server\vcproj-10\login-server\Debug\loginchrif.obj
E:\Ragnarok Files\server\vcproj-10\login-server\Debug\loginclif.obj
E:\Ragnarok Files\server\vcproj-10\login-server\Debug\logincnslif.obj
E:\Ragnarok Files\server\vcproj-10\login-server\Debug\loginlog.obj
E:\RAGNAROK FILES\SERVER\VCPROJ-10\LOGIN-SERVER\DEBUG\LOGIN-SERVER.EXE.EMBED.MANIFEST
E:\RAGNAROK FILES\SERVER\VCPROJ-10\LOGIN-SERVER\DEBUG\LOGIN-SERVER.EXE.EMBED.MANIFEST.RES
E:\RAGNAROK FILES\SERVER\VCPROJ-10\LOGIN-SERVER\DEBUG\LOGIN-SERVER.EXE.INTERMEDIATE.MANIFEST
E:\Ragnarok Files\server\vcproj-10\login-server\Debug\login-server_manifest.rc
E:\Ragnarok Files\server\vcproj-10\login-server\Debug\malloc.obj
E:\Ragnarok Files\server\vcproj-10\login-server\Debug\md5calc.obj
E:\Ragnarok Files\server\vcproj-10\login-server\Debug\mempool.obj
E:\Ragnarok Files\server\vcproj-10\login-server\Debug\msg_conf.obj
E:\Ragnarok Files\server\vcproj-10\login-server\Debug\mt.command.1.tlog
E:\Ragnarok Files\server\vcproj-10\login-server\Debug\mt.read.1.tlog
E:\Ragnarok Files\server\vcproj-10\login-server\Debug\mt.write.1.tlog
E:\Ragnarok Files\server\vcproj-10\login-server\Debug\mt19937ar.obj
E:\Ragnarok Files\server\vcproj-10\login-server\Debug\mutex.obj
E:\Ragnarok Files\server\vcproj-10\login-server\Debug\nullpo.obj
E:\Ragnarok Files\server\vcproj-10\login-server\Debug\raconf.obj
E:\Ragnarok Files\server\vcproj-10\login-server\Debug\random.obj
E:\Ragnarok Files\server\vcproj-10\login-server\Debug\rc.command.1.tlog
E:\Ragnarok Files\server\vcproj-10\login-server\Debug\rc.read.1.tlog
E:\Ragnarok Files\server\vcproj-10\login-server\Debug\rc.write.1.tlog
E:\Ragnarok Files\server\vcproj-10\login-server\Debug\scanctx.obj
E:\Ragnarok Files\server\vcproj-10\login-server\Debug\scanner.obj
E:\Ragnarok Files\server\vcproj-10\login-server\Debug\showmsg.obj
E:\Ragnarok Files\server\vcproj-10\login-server\Debug\socket.obj
E:\Ragnarok Files\server\vcproj-10\login-server\Debug\sql.obj
E:\Ragnarok Files\server\vcproj-10\login-server\Debug\strbuf.obj
E:\Ragnarok Files\server\vcproj-10\login-server\Debug\strlib.obj
E:\Ragnarok Files\server\vcproj-10\login-server\Debug\thread.obj
E:\Ragnarok Files\server\vcproj-10\login-server\Debug\timer.obj
E:\Ragnarok Files\server\vcproj-10\login-server\Debug\utils.obj
E:\Ragnarok Files\server\vcproj-10\login-server\Debug\vc100.idb
E:\RAGNAROK FILES\SERVER\VCPROJ-10\LOGIN-SERVER\DEBUG\VC100.PDB
