Build started 8/8/2016 8:41:38 PM.
     1>Project "E:\Ragnarok Files\server\vcproj-10\login-server.vcxproj" on node 3 (rebuild target(s)).
     1>_PrepareForClean:
         Deleting file "login-server\Debug\login-server.lastbuildstate".
       InitializeBuildStatus:
         Creating "login-server\Debug\login-server.unsuccessfulbuild" because "AlwaysCreate" was specified.
       ClCompile:
         C:\Program Files (x86)\Microsoft Visual Studio 10.0\VC\bin\CL.exe /c /I..\3rdparty\libconfig /I..\3rdparty\mysql\include /I..\3rdparty\msinttypes\include /I..\3rdparty\mt19937ar /ZI /nologo /W3 /WX- /MP /Od /Oy- /D WIN32 /D _WIN32 /D __WIN32 /D _DEBUG /D _CRT_SECURE_NO_DEPRECATE /D _CRT_NONSTDC_NO_DEPRECATE /D FD_SETSIZE=4096 /D WITH_SQL /D LIBCONFIG_STATIC /D YY_USE_CONST /D _VC80_UPGRADE=0x0710 /D _MBCS /Gm- /RTC1 /MTd /GS /Gy /fp:precise /Zc:wchar_t /Zc:forScope /Fo"login-server\Debug\\" /Fd"login-server\Debug\vc100.pdb" /Gd /TC /wd4100 /wd4800 /analyze- /errorReport:prompt ..\3rdparty\libconfig\grammar.c ..\3rdparty\libconfig\libconfig.c ..\3rdparty\libconfig\scanctx.c ..\3rdparty\libconfig\scanner.c ..\3rdparty\libconfig\strbuf.c ..\3rdparty\mt19937ar\mt19937ar.c ..\src\common\conf.c ..\src\common\mempool.c ..\src\common\mutex.c ..\src\common\raconf.c ..\src\common\thread.c ..\src\common\core.c ..\src\common\db.c ..\src\common\ers.c ..\src\common\malloc.c ..\src\common\md5calc.c ..\src\common\nullpo.c ..\src\common\random.c ..\src\common\showmsg.c ..\src\common\socket.c ..\src\common\sql.c ..\src\common\strlib.c ..\src\common\timer.c ..\src\common\utils.c ..\src\common\msg_conf.c ..\src\common\cli.c ..\src\login\account.c ..\src\login\ipban.c ..\src\login\login.c ..\src\login\loginchrif.c ..\src\login\loginclif.c ..\src\login\logincnslif.c ..\src\login\loginlog.c
         grammar.c
         libconfig.c
         scanctx.c
         scanner.c
         strbuf.c
         mt19937ar.c
         conf.c
         mempool.c
         mutex.c
         raconf.c
         thread.c
         core.c
         db.c
         ers.c
         malloc.c
         md5calc.c
         nullpo.c
         random.c
         showmsg.c
         socket.c
         sql.c
         strlib.c
         timer.c
         utils.c
         msg_conf.c
         cli.c
         account.c
         ipban.c
         login.c
         loginchrif.c
         loginclif.c
         logincnslif.c
         loginlog.c
       ManifestResourceCompile:
         C:\Program Files (x86)\Microsoft SDKs\Windows\v7.0A\bin\rc.exe /nologo /fo"login-server\Debug\login-server.exe.embed.manifest.res" login-server\Debug\login-server_manifest.rc 
       Link:
         C:\Program Files (x86)\Microsoft Visual Studio 10.0\VC\bin\link.exe /ERRORREPORT:PROMPT /OUT:"..\login-server.exe" /INCREMENTAL /NOLOGO /LIBPATH:..\3rdparty\mysql\lib libcmtd.lib oldnames.lib ws2_32.lib libmysql.lib kernel32.lib user32.lib gdi32.lib winspool.lib comdlg32.lib advapi32.lib shell32.lib ole32.lib oleaut32.lib uuid.lib odbc32.lib odbccp32.lib /NODEFAULTLIB /MANIFEST /ManifestFile:"login-server\Debug\login-server.exe.intermediate.manifest" /MANIFESTUAC:"level='asInvoker' uiAccess='false'" /DEBUG /PDB:"..\login-server.pdb" /SUBSYSTEM:CONSOLE /TLBID:1 /DYNAMICBASE:NO /IMPLIB:"..\login-server.lib" /MACHINE:X86 "login-server\Debug\login-server.exe.embed.manifest.res"
         "login-server\Debug\grammar.obj"
         "login-server\Debug\libconfig.obj"
         "login-server\Debug\scanctx.obj"
         "login-server\Debug\scanner.obj"
         "login-server\Debug\strbuf.obj"
         "login-server\Debug\mt19937ar.obj"
         "login-server\Debug\conf.obj"
         "login-server\Debug\mempool.obj"
         "login-server\Debug\mutex.obj"
         "login-server\Debug\raconf.obj"
         "login-server\Debug\thread.obj"
         "login-server\Debug\core.obj"
         "login-server\Debug\db.obj"
         "login-server\Debug\ers.obj"
         "login-server\Debug\malloc.obj"
         "login-server\Debug\md5calc.obj"
         "login-server\Debug\nullpo.obj"
         "login-server\Debug\random.obj"
         "login-server\Debug\showmsg.obj"
         "login-server\Debug\socket.obj"
         "login-server\Debug\sql.obj"
         "login-server\Debug\strlib.obj"
         "login-server\Debug\timer.obj"
         "login-server\Debug\utils.obj"
         "login-server\Debug\msg_conf.obj"
         "login-server\Debug\cli.obj"
         "login-server\Debug\account.obj"
         "login-server\Debug\ipban.obj"
         "login-server\Debug\login.obj"
         "login-server\Debug\loginchrif.obj"
         "login-server\Debug\loginclif.obj"
         "login-server\Debug\logincnslif.obj"
         "login-server\Debug\loginlog.obj"
       Manifest:
         Deleting file "login-server\Debug\login-server.exe.embed.manifest".
         C:\Program Files (x86)\Microsoft SDKs\Windows\v7.0A\bin\mt.exe /nologo /verbose /out:"login-server\Debug\login-server.exe.embed.manifest" /manifest "login-server\Debug\login-server.exe.intermediate.manifest"
         C:\Program Files (x86)\Microsoft SDKs\Windows\v7.0A\bin\rc.exe /nologo /fo"login-server\Debug\login-server.exe.embed.manifest.res" login-server\Debug\login-server_manifest.rc 
       LinkEmbedManifest:
         C:\Program Files (x86)\Microsoft Visual Studio 10.0\VC\bin\link.exe /ERRORREPORT:PROMPT /OUT:"..\login-server.exe" /INCREMENTAL /NOLOGO /LIBPATH:..\3rdparty\mysql\lib libcmtd.lib oldnames.lib ws2_32.lib libmysql.lib kernel32.lib user32.lib gdi32.lib winspool.lib comdlg32.lib advapi32.lib shell32.lib ole32.lib oleaut32.lib uuid.lib odbc32.lib odbccp32.lib /NODEFAULTLIB /MANIFEST /ManifestFile:"login-server\Debug\login-server.exe.intermediate.manifest" /MANIFESTUAC:"level='asInvoker' uiAccess='false'" /DEBUG /PDB:"..\login-server.pdb" /SUBSYSTEM:CONSOLE /TLBID:1 /DYNAMICBASE:NO /IMPLIB:"..\login-server.lib" /MACHINE:X86 "login-server\Debug\login-server.exe.embed.manifest.res"
         "login-server\Debug\grammar.obj"
         "login-server\Debug\libconfig.obj"
         "login-server\Debug\scanctx.obj"
         "login-server\Debug\scanner.obj"
         "login-server\Debug\strbuf.obj"
         "login-server\Debug\mt19937ar.obj"
         "login-server\Debug\conf.obj"
         "login-server\Debug\mempool.obj"
         "login-server\Debug\mutex.obj"
         "login-server\Debug\raconf.obj"
         "login-server\Debug\thread.obj"
         "login-server\Debug\core.obj"
         "login-server\Debug\db.obj"
         "login-server\Debug\ers.obj"
         "login-server\Debug\malloc.obj"
         "login-server\Debug\md5calc.obj"
         "login-server\Debug\nullpo.obj"
         "login-server\Debug\random.obj"
         "login-server\Debug\showmsg.obj"
         "login-server\Debug\socket.obj"
         "login-server\Debug\sql.obj"
         "login-server\Debug\strlib.obj"
         "login-server\Debug\timer.obj"
         "login-server\Debug\utils.obj"
         "login-server\Debug\msg_conf.obj"
         "login-server\Debug\cli.obj"
         "login-server\Debug\account.obj"
         "login-server\Debug\ipban.obj"
         "login-server\Debug\login.obj"
         "login-server\Debug\loginchrif.obj"
         "login-server\Debug\loginclif.obj"
         "login-server\Debug\logincnslif.obj"
         "login-server\Debug\loginlog.obj"
         login-server.vcxproj -> E:\Ragnarok Files\server\vcproj-10\..\login-server.exe
       FinalizeBuildStatus:
         Deleting file "login-server\Debug\login-server.unsuccessfulbuild".
         Touching "login-server\Debug\login-server.lastbuildstate".
     1>Done Building Project "E:\Ragnarok Files\server\vcproj-10\login-server.vcxproj" (rebuild target(s)).

Build succeeded.

Time Elapsed 00:00:05.49
